Arguments: 
  /home/edo/.nvm/versions/node/v10.10.0/bin/node /usr/share/yarn/bin/yarn.js add banchmark

PATH: 
  /usr/local/stata12/bins/:/home/edo/.npm-packages/bin:/usr/local/stata12/bins/:/home/edo/Desktop/Development/pebble/bin:/home/edo/.npm-packages/bin:/home/edo/.nvm/versions/node/v10.10.0/bin:/usr/local/stata12/bins/:/usr/local/sbin:/usr/local/bin:/usr/sbin:/usr/bin:/sbin:/bin:/usr/games:/usr/local/games:/snap/bin:/home/edo/work/bin:/usr/local/go/bin:/home/edo/work/bin:/usr/local/go/bin

Yarn version: 
  1.12.1

Node version: 
  10.10.0

Platform: 
  linux x64

Trace: 
  Error: https://registry.yarnpkg.com/banchmark: Not found
      at Request.params.callback [as _callback] (/usr/share/yarn/lib/cli.js:63139:18)
      at Request.self.callback (/usr/share/yarn/lib/cli.js:124547:22)
      at Request.emit (events.js:182:13)
      at Request.<anonymous> (/usr/share/yarn/lib/cli.js:125519:10)
      at Request.emit (events.js:182:13)
      at IncomingMessage.<anonymous> (/usr/share/yarn/lib/cli.js:125441:12)
      at Object.onceWrapper (events.js:273:13)
      at IncomingMessage.emit (events.js:187:15)
      at endReadableNT (_stream_readable.js:1092:12)
      at process._tickCallback (internal/process/next_tick.js:63:19)

npm manifest: 
  {
    "name": "mapsort",
    "version": "1.0.0",
    "main": "index.js",
    "license": "MIT",
    "dependencies": {
      "esm": "^3.2.22"
    }
  }

yarn manifest: 
  No manifest

Lockfile: 
  # THIS IS AN AUTOGENERATED FILE. DO NOT EDIT THIS FILE DIRECTLY.
  # yarn lockfile v1
  
  
  esm@^3.2.22:
    version "3.2.22"
    resolved "https://registry.yarnpkg.com/esm/-/esm-3.2.22.tgz#5062c2e22fee3ccfee4e8f20da768330da90d6e3"
    integrity sha512-z8YG7U44L82j1XrdEJcqZOLUnjxco8pO453gKOlaMD1/md1n/5QrscAmYG+oKUspsmDLuBFZrpbxI6aQ67yRxA==
